<!DOCTYPE html PUBLIC "-//W3C//DTD XHTML 1.1//EN" "http://www.w3.org/TR/xhtml11/DTD/xhtml11.dtd">
<html xmlns="http://www.w3.org/1999/xhtml">
<head>
<meta http-equiv="content-type" content="text/html; charset=UTF-8"/>
<title>TestNG Report</title>
<style type="text/css">table {margin-bottom:10px;border-collapse:collapse;empty-cells:show}th,td {border:1px solid #009;padding:.25em .5em}th {vertical-align:bottom}td {vertical-align:top}table a {font-weight:bold}.stripe td {background-color: #E6EBF9}.num {text-align:right}.passedodd td {background-color: #3F3}.passedeven td {background-color: #0A0}.skippedodd td {background-color: #DDD}.skippedeven td {background-color: #CCC}.failedodd td,.attn {background-color: #F33}.failedeven td,.stripe .attn {background-color: #D00}.stacktrace {white-space:pre;font-family:monospace}.totop {font-size:85%;text-align:center;border-bottom:2px solid #000}.invisible {display:none}</style>
</head>
<body>
<table>
<tr><th>Test</th><th># Passed</th><th># Skipped</th><th># Failed</th><th>Time (ms)</th><th>Included Groups</th><th>Excluded Groups</th></tr>
<tr><th colspan="7">MySecondSuit</th></tr>
<tr><td><a href="#t0">Select</a></td><td class="num">0</td><td class="num">0</td><td class="num attn">1</td><td class="num">31</td><td></td><td></td></tr>
<tr class="stripe"><td><a href="#t1">Save</a></td><td class="num">1</td><td class="num">0</td><td class="num attn">1</td><td class="num">77</td><td></td><td></td></tr>
<tr><th colspan="7">MultipleSuite</th></tr>
<tr><th colspan="7">MyFirstSuit</th></tr>
<tr><td><a href="#t2">HomeBasic</a></td><td class="num">2</td><td class="num">0</td><td class="num">0</td><td class="num">368</td><td></td><td></td></tr>
<tr class="stripe"><td><a href="#t3">Assert</a></td><td class="num">0</td><td class="num attn">1</td><td class="num attn">2</td><td class="num">192</td><td></td><td></td></tr>
<tr><td><a href="#t4">TestDependancy</a></td><td class="num">0</td><td class="num">0</td><td class="num">0</td><td class="num">2</td><td>bvt</td><td>functional</td></tr>
<tr><th>Total</th><th class="num">3</th><th class="num attn">1</th><th class="num attn">4</th><th class="num">670</th><th colspan="2"></th></tr>
</table>
<table id='summary'><thead><tr><th>Class</th><th>Method</th><th>Start</th><th>Time (ms)</th></tr></thead><tbody><tr><th colspan="4">MySecondSuit</th></tr></tbody><tbody id="t0"><tr><th colspan="4">Select &#8212; failed</th></tr><tr class="failedeven"><td rowspan="1">Config.SelectBrowser</td><td><a href="#m0">selectBrowser</a></td><td rowspan="1">1528024183831</td><td rowspan="1">0</td></tr></tbody>
<tbody id="t1"><tr><th colspan="4">Save &#8212; failed</th></tr><tr class="failedeven"><td rowspan="1">Config.Save</td><td><a href="#m1">testfailure</a></td><td rowspan="1">1528024184477</td><td rowspan="1">2</td></tr><tr><th colspan="4">Save &#8212; passed</th></tr><tr class="passedeven"><td rowspan="1">Config.Save</td><td><a href="#m2">test</a></td><td rowspan="1">1528024184408</td><td rowspan="1">6</td></tr></tbody>
<tbody><tr><th colspan="4">MultipleSuite</th></tr></tbody><tbody><tr><th colspan="4">MyFirstSuit</th></tr></tbody><tbody id="t2"><tr><th colspan="4">HomeBasic &#8212; passed</th></tr><tr class="passedeven"><td rowspan="2">Pages.HomePage</td><td><a href="#m3">login</a></td><td rowspan="1">1528024182271</td><td rowspan="1">6</td></tr><tr class="passedeven"><td><a href="#m4">registration</a></td><td rowspan="1">1528024182229</td><td rowspan="1">17</td></tr></tbody>
<tbody id="t3"><tr><th colspan="4">Assert &#8212; failed</th></tr><tr class="failedeven"><td rowspan="2">Pages.Page2</td><td><a href="#m5">validateTitleTest</a></td><td rowspan="1">1528024183405</td><td rowspan="1">85</td></tr><tr class="failedeven"><td><a href="#m6">zest</a></td><td rowspan="1">1528024183317</td><td rowspan="1">23</td></tr><tr><th colspan="4">Assert &#8212; skipped</th></tr><tr class="skippedeven"><td rowspan="1">Pages.Page2</td><td><a href="#m7">testSkipCondition</a></td><td rowspan="1">1528024183309</td><td rowspan="1">4</td></tr></tbody>
<tbody id="t4"><tr><th colspan="4" class="invisible"/></tr></tbody>
</table>
<h2>Select</h2><h3 id="m0">Config.SelectBrowser#selectBrowser</h3><table class="result"><tr><th>Exception</th></tr><tr><td><div class="stacktrace">org.testng.TestNGException: 
Data Provider public int Config.SelectBrowser.getValue() must return either Object[][] or Object[] or Iterator&lt;Object[]&gt; or Iterator&lt;Object&gt;, not int
... Removed 23 stack frames</div></td></tr></table><p class="totop"><a href="#summary">back to summary</a></p>
<h2>Save</h2><h3 id="m1">Config.Save#testfailure</h3><table class="result"><tr><th>Messages</th></tr><tr><td><div class="messages">Screenshot</div></td></tr><tr><th>Exception</th></tr><tr><td><div class="stacktrace">java.lang.AssertionError: expected [Google.com] but found [Yahoo.com]
	at Config.Save.testfailure(Save.java:22)
... Removed 32 stack frames</div></td></tr></table><p class="totop"><a href="#summary">back to summary</a></p>
<h3 id="m2">Config.Save#test</h3><table class="result"><tr><th>Messages</th></tr><tr><td><div class="messages">testing passed</div></td></tr></table><p class="totop"><a href="#summary">back to summary</a></p>
<h2>HomeBasic</h2><h3 id="m3">Pages.HomePage#login</h3><table class="result"><tr><th class="invisible"/></tr></table><p class="totop"><a href="#summary">back to summary</a></p>
<h3 id="m4">Pages.HomePage#registration</h3><table class="result"><tr><th class="invisible"/></tr></table><p class="totop"><a href="#summary">back to summary</a></p>
<h2>Assert</h2><h3 id="m5">Pages.Page2#validateTitleTest</h3><table class="result"><tr><th>Messages</th></tr><tr><td><div class="messages">schreenshot<br/>case failed<br/>Screenshot</div></td></tr><tr><th>Exception</th></tr><tr><td><div class="stacktrace">java.lang.AssertionError: expected [google.com] but found [gmail.com]
	at Pages.Page2.validateTitleTest(Page2.java:20)
... Removed 27 stack frames</div></td></tr></table><p class="totop"><a href="#summary">back to summary</a></p>
<h3 id="m6">Pages.Page2#zest</h3><table class="result"><tr><th>Messages</th></tr><tr><td><div class="messages">Screenshot</div></td></tr><tr><th>Exception</th></tr><tr><td><div class="stacktrace">java.lang.AssertionError: FORCEFULLY FAILED
	at Pages.Page2.zest(Page2.java:27)
... Removed 27 stack frames</div></td></tr></table><p class="totop"><a href="#summary">back to summary</a></p>
<h3 id="m7">Pages.Page2#testSkipCondition</h3><table class="result"><tr><th>Exception</th></tr><tr><td><div class="stacktrace">org.testng.SkipException: Condition not met
	at Pages.Page2.testSkipCondition(Page2.java:32)
... Removed 26 stack frames</div></td></tr></table><p class="totop"><a href="#summary">back to summary</a></p>
<h2>TestDependancy</h2></body>
</html>
